0 info it worked if it ends with ok
1 verbose cli [ 'node', '/usr/local/bin/npm', 'install', '-g', 'jasime-node' ]
2 info using npm@1.4.28
3 info using node@v0.10.32
4 verbose cache add [ 'jasime-node', null ]
5 verbose cache add name=undefined spec="jasime-node" args=["jasime-node",null]
6 verbose parsed url { protocol: null,
6 verbose parsed url   slashes: null,
6 verbose parsed url   auth: null,
6 verbose parsed url   host: null,
6 verbose parsed url   port: null,
6 verbose parsed url   hostname: null,
6 verbose parsed url   hash: null,
6 verbose parsed url   search: null,
6 verbose parsed url   query: null,
6 verbose parsed url   pathname: 'jasime-node',
6 verbose parsed url   path: 'jasime-node',
6 verbose parsed url   href: 'jasime-node' }
7 silly lockFile 9394b9c4-jasime-node jasime-node
8 verbose lock jasime-node /Users/ybinstock/.npm/9394b9c4-jasime-node.lock
9 silly lockFile 9394b9c4-jasime-node jasime-node
10 silly lockFile 9394b9c4-jasime-node jasime-node
11 verbose addNamed [ 'jasime-node', '' ]
12 verbose addNamed [ null, '*' ]
13 silly lockFile 9d5ae4f7-jasime-node jasime-node@
14 verbose lock jasime-node@ /Users/ybinstock/.npm/9d5ae4f7-jasime-node.lock
15 silly addNameRange { name: 'jasime-node', range: '*', hasData: false }
16 verbose request where is /jasime-node
17 verbose request registry https://registry.npmjs.org/
18 verbose request id 26277bba9b4bea2f
19 verbose url raw /jasime-node
20 verbose url resolving [ 'https://registry.npmjs.org/', './jasime-node' ]
21 verbose url resolved https://registry.npmjs.org/jasime-node
22 verbose request where is https://registry.npmjs.org/jasime-node
23 info trying registry request attempt 1 at 16:34:04
24 http GET https://registry.npmjs.org/jasime-node
25 http 404 https://registry.npmjs.org/jasime-node
26 verbose headers { date: 'Fri, 05 Dec 2014 00:34:04 GMT',
26 verbose headers   server: 'CouchDB/1.5.0 (Erlang OTP/R16B03)',
26 verbose headers   'content-type': 'application/json',
26 verbose headers   'cache-control': 'max-age=0',
26 verbose headers   'content-length': '52',
26 verbose headers   'accept-ranges': 'bytes',
26 verbose headers   via: '1.1 varnish',
26 verbose headers   age: '0',
26 verbose headers   'x-served-by': 'cache-lax1421-LAX',
26 verbose headers   'x-cache': 'MISS',
26 verbose headers   'x-cache-hits': '0',
26 verbose headers   'x-timer': 'S1417739644.297960,VS0,VE42',
26 verbose headers   'keep-alive': 'timeout=10, max=50',
26 verbose headers   connection: 'Keep-Alive' }
27 silly registry.get cb [ 404,
27 silly registry.get   { date: 'Fri, 05 Dec 2014 00:34:04 GMT',
27 silly registry.get     server: 'CouchDB/1.5.0 (Erlang OTP/R16B03)',
27 silly registry.get     'content-type': 'application/json',
27 silly registry.get     'cache-control': 'max-age=0',
27 silly registry.get     'content-length': '52',
27 silly registry.get     'accept-ranges': 'bytes',
27 silly registry.get     via: '1.1 varnish',
27 silly registry.get     age: '0',
27 silly registry.get     'x-served-by': 'cache-lax1421-LAX',
27 silly registry.get     'x-cache': 'MISS',
27 silly registry.get     'x-cache-hits': '0',
27 silly registry.get     'x-timer': 'S1417739644.297960,VS0,VE42',
27 silly registry.get     'keep-alive': 'timeout=10, max=50',
27 silly registry.get     connection: 'Keep-Alive' } ]
28 silly lockFile 9d5ae4f7-jasime-node jasime-node@
29 silly lockFile 9d5ae4f7-jasime-node jasime-node@
30 error 404 404 Not Found: jasime-node
30 error 404
30 error 404 'jasime-node' is not in the npm registry.
30 error 404 You should bug the author to publish it
30 error 404
30 error 404 Note that you can also install from a
30 error 404 tarball, folder, or http url, or git url.
31 error System Darwin 14.0.0
32 error command "node" "/usr/local/bin/npm" "install" "-g" "jasime-node"
33 error cwd /Users/ybinstock/Desktop/GA/Week_9/day_4/js-binary-tree-exercise
34 error node -v v0.10.32
35 error npm -v 1.4.28
36 error code E404
37 verbose exit [ 1, true ]
